Detecting compiler hash for triplet x64-windows...
Compiler found: C:/Program Files/Microsoft Visual Studio/2022/Community/VC/Tools/MSVC/14.40.33807/bin/Hostx64/x64/cl.exe
The following packages are already installed:
  * egl-registry:x64-windows@2024-01-25 -- git+https://github.com/microsoft/vcpkg@d883db43133dd223c4ffdbef4193943f6784d43a
    fmt:x64-windows@12.0.0 -- git+https://github.com/microsoft/vcpkg@c5dcb90bc1da6e7ba3d6e62e62a0b7df3192f51c
    glad[core,loader]:x64-windows@0.1.36 -- git+https://github.com/microsoft/vcpkg@fa93b14c1581057e1d14650f5f15c9b0757dd548
    glm:x64-windows@1.0.1#3 -- git+https://github.com/microsoft/vcpkg@f8b09027afe97c717e95bd81d1d4f37c057d1c78
  * opengl-registry:x64-windows@2024-02-10#1 -- git+https://github.com/microsoft/vcpkg@22f7aa58ee78c9f0db904b6251e9265f2be26f9d
    sdl3:x64-windows@3.2.24 -- git+https://github.com/microsoft/vcpkg@adcd29385eeee94cb1f5c936eaa6c37d58c48986
  * vcpkg-cmake:x64-windows@2024-04-23 -- git+https://github.com/microsoft/vcpkg@e74aa1e8f93278a8e71372f1fa08c3df420eb840
  * vcpkg-cmake-config:x64-windows@2024-05-23 -- git+https://github.com/microsoft/vcpkg@97a63e4bc1a17422ffe4eff71da53b4b561a7841
The following packages will be rebuilt:
    imgui[core,docking-experimental]:x64-windows@1.91.9 -- git+https://github.com/microsoft/vcpkg@cecad336497c19491c07fead1897ac139a173ed2
Restored 0 package(s) from C:\Users\alons\AppData\Local\vcpkg\archives in 53.8 us. Use --debug to see more details.
Removing 1/2 imgui:x64-windows
Elapsed time to handle imgui:x64-windows: 5.56 ms
Installing 2/2 imgui[core,docking-experimental]:x64-windows@1.91.9...
Building imgui[core,docking-experimental]:x64-windows@1.91.9...
C:\Users\alons\AppData\Local\vcpkg\registries\git-trees\cecad336497c19491c07fead1897ac139a173ed2: info: installing from git registry git+https://github.com/microsoft/vcpkg@cecad336497c19491c07fead1897ac139a173ed2
-- Note: imgui only supports static library linkage. Building static library.
Downloading https://github.com/ocornut/imgui/archive/v1.91.9-docking.tar.gz -> ocornut-imgui-v1.91.9-docking.tar.gz
Successfully downloaded ocornut-imgui-v1.91.9-docking.tar.gz
-- Extracting source C:/Users/alons/Documents/vcpkg/downloads/ocornut-imgui-v1.91.9-docking.tar.gz
-- Using source at C:/Users/alons/Documents/vcpkg/buildtrees/imgui/src/.9-docking-449e592d6e.clean
-- Configuring x64-windows
-- Building x64-windows-dbg
-- Building x64-windows-rel
-- Installing: C:/Users/alons/Documents/vcpkg/packages/imgui_x64-windows/share/imgui/copyright
-- Performing post-build validation
Starting submission of imgui[core,docking-experimental]:x64-windows@1.91.9 to 1 binary cache(s) in the background
Elapsed time to handle imgui:x64-windows: 5.5 s
imgui:x64-windows package ABI: 84025f7ed0ff98b868727cfe623eb968a412c55c9eb2083d16dd7aa000694484
Installed contents are licensed to you by owners. Microsoft is not responsible for, nor does it grant any licenses to, third-party packages.
Packages installed in this vcpkg installation declare the following licenses:
MIT
The package fmt provides CMake targets:

    find_package(fmt CONFIG REQUIRED)
    target_link_libraries(main PRIVATE fmt::fmt)

    # Or use the header-only version
    find_package(fmt CONFIG REQUIRED)
    target_link_libraries(main PRIVATE fmt::fmt-header-only)

glad provides CMake targets:

  # this is heuristically generated, and may not be correct
  find_package(glad CONFIG REQUIRED)
  target_link_libraries(main PRIVATE glad::glad)

The package glm provides CMake targets:

    find_package(glm CONFIG REQUIRED)
    target_link_libraries(main PRIVATE glm::glm)

    # Or use the header-only version
    find_package(glm CONFIG REQUIRED)
    target_link_libraries(main PRIVATE glm::glm-header-only)

imgui provides CMake targets:

  # this is heuristically generated, and may not be correct
  find_package(imgui CONFIG REQUIRED)
  target_link_libraries(main PRIVATE imgui::imgui)

sdl3 provides CMake targets:

  find_package(SDL3 CONFIG REQUIRED)
  target_link_libraries(main PRIVATE SDL3::SDL3)

Waiting for 1 remaining binary cache submissions...
Completed submission of imgui[core,docking-experimental]:x64-windows@1.91.9 to 1 binary cache(s) in 860 ms (1/1)
All requested installations completed successfully in: 5.5 s
